<?xml version="1.0" encoding="UTF-8"?>
<!-- Generated by org.testng.reporters.JUnitReportReporter -->
<testsuite hostname="LAPTOP-520J0H77" failures="0" tests="1" name="testcases.SendMailTest" time="0.004" errors="0" timestamp="2024-05-20T12:33:10 IST" skipped="0">
  <testcase classname="testcases.SendMailTest" name="SendMail" time="0.004"/>
</testsuite> <!-- testcases.SendMailTest -->
