<?xml version="1.0" encoding="UTF-8"?>
<!-- Generated by org.testng.reporters.JUnitReportReporter -->
<testsuite hostname="LAPTOP-520J0H77" failures="0" tests="1" name="testcases.RecieveMailTest" time="0.004" errors="0" timestamp="2024-05-21T15:11:15 IST" skipped="0">
  <testcase classname="testcases.RecieveMailTest" name="RecieveMail" time="0.004"/>
</testsuite> <!-- testcases.RecieveMailTest -->
